<?xml version="1.0" encoding="UTF-8"?>
<!-- Generated by org.testng.reporters.JUnitXMLReporter -->
<testsuite ignored="0" hostname="LAPTOP-VE61RUJJ" failures="0" tests="5" name="Default test" time="0.05" errors="0" timestamp="2022-08-06T09:23:11 IST">
  <testcase classname="com.CounterSign.StepDefination.UserStory06082022" name="getData" time="0.005"/>
  <testcase classname="com.CounterSign.StepDefination.UserStory06082022" name="getData" time="0.001"/>
  <testcase classname="com.CounterSign.StepDefination.UserStory06082022" name="getData" time="0.001"/>
  <testcase classname="com.CounterSign.StepDefination.UserStory06082022" name="getData" time="0.0"/>
  <testcase classname="com.CounterSign.StepDefination.UserStory06082022" name="getData" time="0.001"/>
</testsuite> <!-- Default test -->
