<?xml version="1.0" encoding="UTF-8"?>
<!-- Generated by org.testng.reporters.JUnitXMLReporter -->
<testsuite ignored="0" hostname="LAPTOP-VE61RUJJ" failures="0" tests="3" name="Test" time="2.195" errors="0" timestamp="2022-07-30T10:54:04 IST">
  <testcase classname="com.CounterSign.StepDefination.UserStory30072022" name="verifyTheTitleOfCurrentPage" time="0.021"/>
  <testcase classname="com.CounterSign.StepDefination.UserStory30072022" name="verifyTheUrlOfCurrentPage" time="0.013"/>
  <testcase classname="com.CounterSign.StepDefination.UserStory30072022" name="closeLoginPopup" time="0.088"/>
</testsuite> <!-- Test -->
