<?xml version="1.0" encoding="UTF-8"?>
<!-- Generated by org.testng.reporters.JUnitXMLReporter -->
<testsuite ignored="0" hostname="LAPTOP-VE61RUJJ" failures="0" tests="3" name="UserStory30072022" time="27.261" errors="0" timestamp="2022-07-31T11:03:47 IST">
  <testcase classname="com.CounterSign.StepDefination.UserStory31072022" name="enterTheDetailsInMyInfoSection" time="6.287"/>
  <testcase classname="com.CounterSign.StepDefination.UserStory31072022" name="getAllDetailsTabs" time="0.207"/>
  <testcase classname="com.CounterSign.StepDefination.UserStory31072022" name="addAttachement" time="10.091"/>
</testsuite> <!-- UserStory30072022 -->
