<?xml version="1.0" encoding="UTF-8"?>
<testng-results ignored="0" total="5" passed="5" failed="0" skipped="0">
  <reporter-output>
  </reporter-output>
  <suite started-at="2022-08-06T09:23:11 IST" name="Default suite" finished-at="2022-08-06T09:23:11 IST" duration-ms="50">
    <groups>
    </groups>
    <test started-at="2022-08-06T09:23:11 IST" name="Default test" finished-at="2022-08-06T09:23:11 IST" duration-ms="50">
      <class name="com.CounterSign.StepDefination.UserStory06082022">
        <test-method signature="getData(java.lang.String)[pri:0, instance:com.CounterSign.StepDefination.UserStory06082022@15eb5ee5]" started-at="2022-08-06T09:23:11 IST" name="getData" data-provider="inputValuesForUsername" finished-at="2022-08-06T09:23:11 IST" duration-ms="5" status="PASS">
          <params>
            <param index="0">
              <value>
                <![CDATA[Abc]]>
              </value>
            </param>
          </params>
          <reporter-output>
          </reporter-output>
        </test-method> <!-- getData -->
        <test-method signature="getData(java.lang.String)[pri:0, instance:com.CounterSign.StepDefination.UserStory06082022@15eb5ee5]" started-at="2022-08-06T09:23:11 IST" name="getData" data-provider="inputValuesForUsername" finished-at="2022-08-06T09:23:11 IST" duration-ms="1" status="PASS">
          <params>
            <param index="0">
              <value>
                <![CDATA[Xyz]]>
              </value>
            </param>
          </params>
          <reporter-output>
          </reporter-output>
        </test-method> <!-- getData -->
        <test-method signature="getData(java.lang.String)[pri:0, instance:com.CounterSign.StepDefination.UserStory06082022@15eb5ee5]" started-at="2022-08-06T09:23:11 IST" name="getData" data-provider="inputValuesForUsername" finished-at="2022-08-06T09:23:11 IST" duration-ms="1" status="PASS">
          <params>
            <param index="0">
              <value>
                <![CDATA[Pqr]]>
              </value>
            </param>
          </params>
          <reporter-output>
          </reporter-output>
        </test-method> <!-- getData -->
        <test-method signature="getData(java.lang.String)[pri:0, instance:com.CounterSign.StepDefination.UserStory06082022@15eb5ee5]" started-at="2022-08-06T09:23:11 IST" name="getData" data-provider="inputValuesForUsername" finished-at="2022-08-06T09:23:11 IST" duration-ms="0" status="PASS">
          <params>
            <param index="0">
              <value>
                <![CDATA[Lmn]]>
              </value>
            </param>
          </params>
          <reporter-output>
          </reporter-output>
        </test-method> <!-- getData -->
        <test-method signature="getData(java.lang.String)[pri:0, instance:com.CounterSign.StepDefination.UserStory06082022@15eb5ee5]" started-at="2022-08-06T09:23:11 IST" name="getData" data-provider="inputValuesForUsername" finished-at="2022-08-06T09:23:11 IST" duration-ms="1" status="PASS">
          <params>
            <param index="0">
              <value>
                <![CDATA[Wow]]>
              </value>
            </param>
          </params>
          <reporter-output>
          </reporter-output>
        </test-method> <!-- getData -->
      </class> <!-- com.CounterSign.StepDefination.UserStory06082022 -->
    </test> <!-- Default test -->
  </suite> <!-- Default suite -->
</testng-results>
